00:48:08.390 [main] INFO  testCases.TC_001_AccountRegistrationTest - >>>>startin TC_001_AccountRegistrationTest>>>>>
00:48:08.395 [main] DEBUG testCases.TC_001_AccountRegistrationTest - applicaton log started
00:48:08.484 [main] INFO  testCases.TC_001_AccountRegistrationTest - clicking on my account
00:48:09.302 [main] INFO  testCases.TC_001_AccountRegistrationTest - Clicked on registration link
00:48:09.302 [main] INFO  testCases.TC_001_AccountRegistrationTest - entering customer details
00:48:10.763 [main] INFO  testCases.TC_001_AccountRegistrationTest - validating expected msg
00:48:10.763 [main] INFO  testCases.TC_001_AccountRegistrationTest - test is passed
00:48:10.768 [main] DEBUG testCases.TC_001_AccountRegistrationTest - application log end
00:48:10.769 [main] INFO  testCases.TC_001_AccountRegistrationTest - <<<<finished TC_001_AccountRegistrationTest>>>
14:14:30.403 [main] INFO  testCases.TC_001_AccountRegistrationTest - >>>>startin TC_001_AccountRegistrationTest>>>>>
14:14:30.406 [main] DEBUG testCases.TC_001_AccountRegistrationTest - applicaton log started
14:14:30.478 [main] INFO  testCases.TC_001_AccountRegistrationTest - clicking on my account
14:14:31.197 [main] INFO  testCases.TC_001_AccountRegistrationTest - Clicked on registration link
14:14:31.197 [main] INFO  testCases.TC_001_AccountRegistrationTest - entering customer details
14:14:32.602 [main] INFO  testCases.TC_001_AccountRegistrationTest - validating expected msg
14:14:32.603 [main] INFO  testCases.TC_001_AccountRegistrationTest - test is passed
14:14:32.607 [main] DEBUG testCases.TC_001_AccountRegistrationTest - application log end
14:14:32.607 [main] INFO  testCases.TC_001_AccountRegistrationTest - <<<<finished TC_001_AccountRegistrationTest>>>
14:28:05.813 [main] INFO  testCases.TC_001_AccountRegistrationTest - >>>>startin TC_001_AccountRegistrationTest>>>>>
14:28:05.814 [main] DEBUG testCases.TC_001_AccountRegistrationTest - applicaton log started
14:28:05.901 [main] INFO  testCases.TC_001_AccountRegistrationTest - clicking on my account
14:28:06.635 [main] INFO  testCases.TC_001_AccountRegistrationTest - Clicked on registration link
14:28:06.635 [main] INFO  testCases.TC_001_AccountRegistrationTest - entering customer details
14:28:08.005 [main] INFO  testCases.TC_001_AccountRegistrationTest - validating expected msg
14:28:08.005 [main] INFO  testCases.TC_001_AccountRegistrationTest - test is passed
14:28:08.009 [main] DEBUG testCases.TC_001_AccountRegistrationTest - application log end
14:28:08.009 [main] INFO  testCases.TC_001_AccountRegistrationTest - <<<<finished TC_001_AccountRegistrationTest>>>
19:44:51.622 [main] INFO  testCases.TC_001_AccountRegistrationTest - >>>>startin TC_001_AccountRegistrationTest>>>>>
19:44:51.628 [main] DEBUG testCases.TC_001_AccountRegistrationTest - applicaton log started
19:44:51.666 [main] ERROR testCases.TC_001_AccountRegistrationTest - test is failed
19:44:51.666 [main] DEBUG testCases.TC_001_AccountRegistrationTest - debug log
22:43:01.440 [main] INFO  testCases.TC_001_AccountRegistrationTest - >>>>startin TC_001_AccountRegistrationTest>>>>>
22:43:01.441 [main] DEBUG testCases.TC_001_AccountRegistrationTest - applicaton log started
22:43:01.518 [main] INFO  testCases.TC_001_AccountRegistrationTest - clicking on my account
22:43:02.337 [main] INFO  testCases.TC_001_AccountRegistrationTest - Clicked on registration link
22:43:02.337 [main] INFO  testCases.TC_001_AccountRegistrationTest - entering customer details
22:43:03.701 [main] INFO  testCases.TC_001_AccountRegistrationTest - validating expected msg
22:43:03.701 [main] INFO  testCases.TC_001_AccountRegistrationTest - test is passed
22:43:03.701 [main] DEBUG testCases.TC_001_AccountRegistrationTest - application log end
22:43:03.709 [main] INFO  testCases.TC_001_AccountRegistrationTest - <<<<finished TC_001_AccountRegistrationTest>>>
23:51:07.647 [main] INFO  testCases.TC_001_AccountRegistrationTest - >>>>startin TC_001_AccountRegistrationTest>>>>>
23:51:07.649 [main] DEBUG testCases.TC_001_AccountRegistrationTest - applicaton log started
23:51:07.721 [main] INFO  testCases.TC_001_AccountRegistrationTest - clicking on my account
23:51:08.480 [main] INFO  testCases.TC_001_AccountRegistrationTest - Clicked on registration link
23:51:08.480 [main] INFO  testCases.TC_001_AccountRegistrationTest - entering customer details
23:51:09.822 [main] INFO  testCases.TC_001_AccountRegistrationTest - validating expected msg
23:51:09.822 [main] INFO  testCases.TC_001_AccountRegistrationTest - test is passed
23:51:09.826 [main] DEBUG testCases.TC_001_AccountRegistrationTest - application log end
23:51:09.826 [main] INFO  testCases.TC_001_AccountRegistrationTest - <<<<finished TC_001_AccountRegistrationTest>>>
23:51:15.040 [main] INFO  testCases.TC_002_LoginTest - **** Starting TC_002_LoginTest  ****
23:51:15.040 [main] DEBUG testCases.TC_002_LoginTest - capturing application debug logs....
23:51:15.122 [main] INFO  testCases.TC_002_LoginTest - clicking on MyAccount
